#
# A fatal error has been detected by the Java Runtime Environment:
#
#  EXCEPTION_ACCESS_VIOLATION (0xc0000005) at pc=0x617493cd, pid=1116, tid=0x00002fac
#
# JRE version: Java(TM) SE Runtime Environment (8.0_92-b14) (build 1.8.0_92-b14)
# Java VM: Java HotSpot(TM) Client VM (25.92-b14 mixed mode windows-x86 )
# Problematic frame:
# C  [listSerialsj.dll+0x93cd]
#
# Failed to write core dump. Minidumps are not enabled by default on client versions of Windows
#
# If you would like to submit a bug report, please visit:
#   http://bugreport.java.com/bugreport/crash.jsp
# The crash happened outside the Java Virtual Machine in native code.
# See problematic frame for where to report the bug.
#

---------------  T H R E A D  ---------------

Current thread (0x264be400):  JavaThread "cc.arduino.packages.discoverers.serial.SerialBoardsLister" [_thread_in_native, id=12204, stack(0x26f40000,0x26f90000)]

siginfo: ExceptionCode=0xc0000005, writing address 0x00000000

Registers:
EAX=0x00000000, EBX=0x00000a30, ECX=0x00000000, EDX=0x00000001
ESP=0x26f8ec90, EBP=0x26f8f0e8, ESI=0x00000001, EDI=0x014e4088
EIP=0x617493cd, EFLAGS=0x00010246

Top of Stack: (sp=0x26f8ec90)
0x26f8ec90:   017f2c08 0000002e 00000002 00000000
0x26f8eca0:   00000003 00000000 00000000 00000000
0x26f8ecb0:   26f8ed14 26f8ecc8 0000006c 73dba540
0x26f8ecc0:   292551e8 00f8ed80 014e3fa0 00000023
0x26f8ecd0:   00000c73 26f8ecf4 00000049 00000002
0x26f8ece0:   00000001 0000006c 0000006a 0000008e
0x26f8ecf0:   008e0000 00000000 314d4f43 00000030
0x26f8ed00:   00425355 6c73631b 264be400 264c13b8 

Instructions: (pc=0x617493cd)
0x617493ad:   8b 45 08 8b 90 94 00 00 00 85 d2 74 16 8b 40 2c
0x617493bd:   c7 44 24 04 2e 00 00 00 89 04 24 e8 73 14 00 00
0x617493cd:   c6 00 00 8d 85 04 fc ff ff 89 44 24 18 8d 85 0a
0x617493dd:   fc ff ff 89 44 24 10 a1 e4 01 75 61 c7 85 04 fc 


Register to memory mapping:

EAX=0x00000000 is an unknown value
EBX=0x00000a30 is an unknown value
ECX=0x00000000 is an unknown value
EDX=0x00000001 is an unknown value
ESP=0x26f8ec90 is pointing into the stack for thread: 0x264be400
EBP=0x26f8f0e8 is pointing into the stack for thread: 0x264be400
ESI=0x00000001 is an unknown value
EDI=0x014e4088 is an unknown value


Stack: [0x26f40000,0x26f90000],  sp=0x26f8ec90,  free space=315k
Native frames: (J=compiled Java code, j=interpreted, Vv=VM code, C=native code)
C  [listSerialsj.dll+0x93cd]
C  [listSerialsj.dll+0x2211]

Java frames: (J=compiled Java code, j=interpreted, Vv=VM code)
J 2528  processing.app.Platform.listSerialsNative()[Ljava/lang/String; (0 bytes) @ 0x0358d90f [0x0358d8d0+0x3f]
J 2534 C1 cc.arduino.packages.discoverers.serial.SerialBoardsLister.retriggerDiscovery(Z)V (736 bytes) @ 0x0358f284 [0x0358f130+0x154]
J 2536 C1 cc.arduino.packages.discoverers.serial.SerialBoardsLister.run()V (13 bytes) @ 0x03592d54 [0x03592d10+0x44]
J 2513% C1 java.util.TimerThread.mainLoop()V (232 bytes) @ 0x03586414 [0x03585fe0+0x434]
j  java.util.TimerThread.run()V+1
v  ~StubRoutines::call_stub

---------------  P R O C E S S  ---------------

Java Threads: ( => current thread )
  0x27cbac00 JavaThread "DestroyJavaVM" [_thread_blocked, id=12928, stack(0x02de0000,0x02e30000)]
  0x266be800 JavaThread "AWT-EventQueue-0" [_thread_blocked, id=1064, stack(0x29000000,0x29050000)]
  0x266bc800 JavaThread "AWT-Shutdown" [_thread_blocked, id=12588, stack(0x28f70000,0x28fc0000)]
  0x266bc400 JavaThread "TimerQueue" daemon [_thread_blocked, id=1216, stack(0x28de0000,0x28e30000)]
  0x266bbc00 JavaThread "Batik CleanerThread" daemon [_thread_blocked, id=12940, stack(0x288b0000,0x28900000)]
  0x266bd000 JavaThread "JmDNS(192-168-1-3.local.).Timer" daemon [_thread_blocked, id=1700, stack(0x282a0000,0x282f0000)]
  0x266bdc00 JavaThread "JmDNS(192-168-1-3.local.).State.Timer" [_thread_blocked, id=4084, stack(0x28210000,0x28260000)]
  0x266bd400 JavaThread "JmDNS(192-168-1-3.local.).Timer" daemon [_thread_blocked, id=12808, stack(0x28180000,0x281d0000)]
  0x266bf400 JavaThread "SocketListener(192-168-1-3.local.)" daemon [_thread_in_native, id=13104, stack(0x280f0000,0x28140000)]
  0x266bf000 JavaThread "JmDNS(fe80:0:0:0:c8bb:1823:686b:4809%wlan0.local.).Timer" daemon [_thread_blocked, id=12900, stack(0x27860000,0x278b0000)]
  0x26690400 JavaThread "JmDNS(fe80:0:0:0:c8bb:1823:686b:4809%wlan0.local.).State.Timer" [_thread_blocked, id=11736, stack(0x277d0000,0x27820000)]
  0x2668dc00 JavaThread "JmDNS(fe80:0:0:0:c8bb:1823:686b:4809%wlan0.local.).Timer" daemon [_thread_blocked, id=8520, stack(0x27620000,0x27670000)]
  0x2667b000 JavaThread "SocketListener(fe80:0:0:0:c8bb:1823:686b:4809%wlan0.local.)" daemon [_thread_in_native, id=12996, stack(0x27590000,0x275e0000)]
  0x26546000 JavaThread "cc.arduino.packages.discoverers.network.BoardReachabilityFilter" [_thread_blocked, id=12232, stack(0x27060000,0x270b0000)]
  0x264c5000 JavaThread "cc.arduino.packages.discoverers.network.NetworkChecker" [_thread_blocked, id=12492, stack(0x26fd0000,0x27020000)]
=>0x264be400 JavaThread "cc.arduino.packages.discoverers.serial.SerialBoardsLister" [_thread_in_native, id=12204, stack(0x26f40000,0x26f90000)]
  0x264bb800 JavaThread "AWT-Windows" daemon [_thread_in_native, id=8064, stack(0x269e0000,0x26a30000)]
  0x264ba000 JavaThread "Java2D Disposer" daemon [_thread_blocked, id=8500, stack(0x268c0000,0x26910000)]
  0x25ce0000 JavaThread "Service Thread" daemon [_thread_blocked, id=12500, stack(0x26290000,0x262e0000)]
  0x25ceb400 JavaThread "C1 CompilerThread0" daemon [_thread_blocked, id=5492, stack(0x26200000,0x26250000)]
  0x25ce9800 JavaThread "Attach Listener" daemon [_thread_blocked, id=7340, stack(0x26170000,0x261c0000)]
  0x25ce7800 JavaThread "Signal Dispatcher" daemon [_thread_blocked, id=9820, stack(0x260e0000,0x26130000)]
  0x25cca000 JavaThread "Finalizer" daemon [_thread_blocked, id=3852, stack(0x25f40000,0x25f90000)]
  0x25cb4400 JavaThread "Reference Handler" daemon [_thread_blocked, id=3664, stack(0x25eb0000,0x25f00000)]

Other Threads:
  0x02f2d800 VMThread [stack: 0x05260000,0x052b0000] [id=4076]
  0x25ce4400 WatcherThread [stack: 0x26320000,0x26370000] [id=12736]

VM state:not at safepoint (normal execution)

VM Mutex/Monitor currently owned by a thread: None

Heap:
 def new generation   total 39424K, used 2393K [0x05400000, 0x07ec0000, 0x0fea0000)
  eden space 35072K,   5% used [0x05400000, 0x055efc50, 0x07640000)
  from space 4352K,   9% used [0x07a80000, 0x07ae69f8, 0x07ec0000)
  to   space 4352K,   0% used [0x07640000, 0x07640000, 0x07a80000)
 tenured generation   total 87424K, used 31728K [0x0fea0000, 0x15400000, 0x25400000)
   the space 87424K,  36% used [0x0fea0000, 0x11d9c288, 0x11d9c400, 0x15400000)
 Metaspace       used 19747K, capacity 20200K, committed 20224K, reserved 20864K

Card table byte_map: [0x25400000,0x25510000] byte_map_base: 0x253d6000

Polling page: 0x02f30000

CodeCache: size=32768Kb used=4307Kb max_used=4307Kb free=28461Kb
 bounds [0x03160000, 0x03598000, 0x05160000]
 total_blobs=2777 nmethods=2498 adapters=208
 compilation: enabled

Compilation events (10 events):
Event: 2659.122 Thread 0x25ceb400 2533             java.util.ArrayList$ListItr::<init> (17 bytes)
Event: 2659.123 Thread 0x25ceb400 nmethod 2533 0x0358ea88 code [0x0358eb80, 0x0358ec30]
Event: 2767.141 Thread 0x25ceb400 2534  s          cc.arduino.packages.discoverers.serial.SerialBoardsLister::retriggerDiscovery (736 bytes)
Event: 2767.143 Thread 0x25ceb400 nmethod 2534 0x0358ecc8 code [0x0358f130, 0x035906c4]
Event: 2810.106 Thread 0x25ceb400 2535             java.util.Collections$SynchronizedCollection::<init> (21 bytes)
Event: 2810.106 Thread 0x25ceb400 nmethod 2535 0x03592948 code [0x03592a50, 0x03592b5c]
Event: 2847.159 Thread 0x25ceb400 2536             cc.arduino.packages.discoverers.serial.SerialBoardsLister::run (13 bytes)
Event: 2847.160 Thread 0x25ceb400 nmethod 2536 0x03592c08 code [0x03592d10, 0x03592dbc]
Event: 2923.205 Thread 0x25ceb400 2537  s          processing.app.Platform::resolveDeviceByVendorIdProductId (360 bytes)
Event: 2923.207 Thread 0x25ceb400 nmethod 2537 0x03592e48 code [0x035931d0, 0x03593ed4]

GC Heap History (10 events):
Event: 3.069 GC heap before
{Heap before GC invocations=3 (full 1):
 def new generation   total 39424K, used 35072K [0x05400000, 0x07ec0000, 0x0fea0000)
  eden space 35072K, 100% used [0x05400000, 0x07640000, 0x07640000)
  from space 4352K,   0% used [0x07640000, 0x07640000, 0x07a80000)
  to   space 4352K,   0% used [0x07a80000, 0x07a80000, 0x07ec0000)
 tenured generation   total 87424K, used 14403K [0x0fea0000, 0x15400000, 0x25400000)
   the space 87424K,  16% used [0x0fea0000, 0x10cb0e08, 0x10cb1000, 0x15400000)
 Metaspace       used 15646K, capacity 16052K, committed 16128K, reserved 16768K
Event: 3.079 GC heap after
Heap after GC invocations=4 (full 1):
 def new generation   total 39424K, used 4352K [0x05400000, 0x07ec0000, 0x0fea0000)
  eden space 35072K,   0% used [0x05400000, 0x05400000, 0x07640000)
  from space 4352K, 100% used [0x07a80000, 0x07ec0000, 0x07ec0000)
  to   space 4352K,   0% used [0x07640000, 0x07640000, 0x07a80000)
 tenured generation   total 87424K, used 15632K [0x0fea0000, 0x15400000, 0x25400000)
   the space 87424K,  17% used [0x0fea0000, 0x10de41d0, 0x10de4200, 0x15400000)
 Metaspace       used 15646K, capacity 16052K, committed 16128K, reserved 16768K
}
Event: 65.249 GC heap before
{Heap before GC invocations=4 (full 1):
 def new generation   total 39424K, used 39424K [0x05400000, 0x07ec0000, 0x0fea0000)
  eden space 35072K, 100% used [0x05400000, 0x07640000, 0x07640000)
  from space 4352K, 100% used [0x07a80000, 0x07ec0000, 0x07ec0000)
  to   space 4352K,   0% used [0x07640000, 0x07640000, 0x07a80000)
 tenured generation   total 87424K, used 15632K [0x0fea0000, 0x15400000, 0x25400000)
   the space 87424K,  17% used [0x0fea0000, 0x10de41d0, 0x10de4200, 0x15400000)
 Metaspace       used 18536K, capacity 18993K, committed 19072K, reserved 19840K
Event: 65.267 GC heap after
Heap after GC invocations=5 (full 1):
 def new generation   total 39424K, used 4352K [0x05400000, 0x07ec0000, 0x0fea0000)
  eden space 35072K,   0% used [0x05400000, 0x05400000, 0x07640000)
  from space 4352K, 100% used [0x07640000, 0x07a80000, 0x07a80000)
  to   space 4352K,   0% used [0x07a80000, 0x07a80000, 0x07ec0000)
 tenured generation   total 87424K, used 24125K [0x0fea0000, 0x15400000, 0x25400000)
   the space 87424K,  27% used [0x0fea0000, 0x1162f798, 0x1162f800, 0x15400000)
 Metaspace       used 18536K, capacity 18993K, committed 19072K, reserved 19840K
}
Event: 140.259 GC heap before
{Heap before GC invocations=5 (full 1):
 def new generation   total 39424K, used 39424K [0x05400000, 0x07ec0000, 0x0fea0000)
  eden space 35072K, 100% used [0x05400000, 0x07640000, 0x07640000)
  from space 4352K, 100% used [0x07640000, 0x07a80000, 0x07a80000)
  to   space 4352K,   0% used [0x07a80000, 0x07a80000, 0x07ec0000)
 tenured generation   total 87424K, used 24125K [0x0fea0000, 0x15400000, 0x25400000)
   the space 87424K,  27% used [0x0fea0000, 0x1162f798, 0x1162f800, 0x15400000)
 Metaspace       used 19466K, capacity 19914K, committed 19968K, reserved 20864K
Event: 140.273 GC heap after
Heap after GC invocations=6 (full 1):
 def new generation   total 39424K, used 4122K [0x05400000, 0x07ec0000, 0x0fea0000)
  eden space 35072K,   0% used [0x05400000, 0x05400000, 0x07640000)
  from space 4352K,  94% used [0x07a80000, 0x07e86ac0, 0x07ec0000)
  to   space 4352K,   0% used [0x07640000, 0x07640000, 0x07a80000)
 tenured generation   total 87424K, used 27875K [0x0fea0000, 0x15400000, 0x25400000)
   the space 87424K,  31% used [0x0fea0000, 0x119d8c08, 0x119d8e00, 0x15400000)
 Metaspace       used 19466K, capacity 19914K, committed 19968K, reserved 20864K
}
Event: 171.391 GC heap before
{Heap before GC invocations=6 (full 1):
 def new generation   total 39424K, used 39194K [0x05400000, 0x07ec0000, 0x0fea0000)
  eden space 35072K, 100% used [0x05400000, 0x07640000, 0x07640000)
  from space 4352K,  94% used [0x07a80000, 0x07e86ac0, 0x07ec0000)
  to   space 4352K,   0% used [0x07640000, 0x07640000, 0x07a80000)
 tenured generation   total 87424K, used 27875K [0x0fea0000, 0x15400000, 0x25400000)
   the space 87424K,  31% used [0x0fea0000, 0x119d8c08, 0x119d8e00, 0x15400000)
 Metaspace       used 19687K, capacity 20168K, committed 20224K, reserved 20864K
Event: 171.402 GC heap after
Heap after GC invocations=7 (full 1):
 def new generation   total 39424K, used 2390K [0x05400000, 0x07ec0000, 0x0fea0000)
  eden space 35072K,   0% used [0x05400000, 0x05400000, 0x07640000)
  from space 4352K,  54% used [0x07640000, 0x078959d0, 0x07a80000)
  to   space 4352K,   0% used [0x07a80000, 0x07a80000, 0x07ec0000)
 tenured generation   total 87424K, used 30043K [0x0fea0000, 0x15400000, 0x25400000)
   the space 87424K,  34% used [0x0fea0000, 0x11bf6ea8, 0x11bf7000, 0x15400000)
 Metaspace       used 19687K, capacity 20168K, committed 20224K, reserved 20864K
}
Event: 2982.721 GC heap before
{Heap before GC invocations=7 (full 1):
 def new generation   total 39424K, used 37462K [0x05400000, 0x07ec0000, 0x0fea0000)
  eden space 35072K, 100% used [0x05400000, 0x07640000, 0x07640000)
  from space 4352K,  54% used [0x07640000, 0x078959d0, 0x07a80000)
  to   space 4352K,   0% used [0x07a80000, 0x07a80000, 0x07ec0000)
 tenured generation   total 87424K, used 30043K [0x0fea0000, 0x15400000, 0x25400000)
   the space 87424K,  34% used [0x0fea0000, 0x11bf6ea8, 0x11bf7000, 0x15400000)
 Metaspace       used 19747K, capacity 20200K, committed 20224K, reserved 20864K
Event: 2982.726 GC heap after
Heap after GC invocations=8 (full 1):
 def new generation   total 39424K, used 410K [0x05400000, 0x07ec0000, 0x0fea0000)
  eden space 35072K,   0% used [0x05400000, 0x05400000, 0x07640000)
  from space 4352K,   9% used [0x07a80000, 0x07ae69f8, 0x07ec0000)
  to   space 4352K,   0% used [0x07640000, 0x07640000, 0x07a80000)
 tenured generation   total 87424K, used 31728K [0x0fea0000, 0x15400000, 0x25400000)
   the space 87424K,  36% used [0x0fea0000, 0x11d9c288, 0x11d9c400, 0x15400000)
 Metaspace       used 19747K, capacity 20200K, committed 20224K, reserved 20864K
}

Deoptimization events (0 events):
No events

Internal exceptions (10 events):
Event: 177.445 Thread 0x27cbe000 Exception <a 'sun/nio/fs/WindowsException'> (0x059cbfc8) thrown at [C:\workspace\8-2-build-windows-i586-cygwin\jdk8u92\6642\hotspot\src\share\vm\prims\jni.cpp, line 709]
Event: 177.445 Thread 0x27cbe000 Exception <a 'sun/nio/fs/WindowsException'> (0x059cc5e8) thrown at [C:\workspace\8-2-build-windows-i586-cygwin\jdk8u92\6642\hotspot\src\share\vm\prims\jni.cpp, line 709]
Event: 177.446 Thread 0x27cbe000 Exception <a 'sun/nio/fs/WindowsException'> (0x059d5b40) thrown at [C:\workspace\8-2-build-windows-i586-cygwin\jdk8u92\6642\hotspot\src\share\vm\prims\jni.cpp, line 709]
Event: 177.446 Thread 0x27cbe000 Exception <a 'sun/nio/fs/WindowsException'> (0x059d6138) thrown at [C:\workspace\8-2-build-windows-i586-cygwin\jdk8u92\6642\hotspot\src\share\vm\prims\jni.cpp, line 709]
Event: 177.446 Thread 0x27cbe000 Exception <a 'sun/nio/fs/WindowsException'> (0x059dffb0) thrown at [C:\workspace\8-2-build-windows-i586-cygwin\jdk8u92\6642\hotspot\src\share\vm\prims\jni.cpp, line 709]
Event: 177.446 Thread 0x27cbe000 Exception <a 'sun/nio/fs/WindowsException'> (0x059e0620) thrown at [C:\workspace\8-2-build-windows-i586-cygwin\jdk8u92\6642\hotspot\src\share\vm\prims\jni.cpp, line 709]
Event: 177.447 Thread 0x27cbe000 Exception <a 'sun/nio/fs/WindowsException'> (0x059ea148) thrown at [C:\workspace\8-2-build-windows-i586-cygwin\jdk8u92\6642\hotspot\src\share\vm\prims\jni.cpp, line 709]
Event: 177.447 Thread 0x27cbe000 Exception <a 'sun/nio/fs/WindowsException'> (0x059ea740) thrown at [C:\workspace\8-2-build-windows-i586-cygwin\jdk8u92\6642\hotspot\src\share\vm\prims\jni.cpp, line 709]
Event: 177.447 Thread 0x27cbe000 Exception <a 'sun/nio/fs/WindowsException'> (0x059effc8) thrown at [C:\workspace\8-2-build-windows-i586-cygwin\jdk8u92\6642\hotspot\src\share\vm\prims\jni.cpp, line 709]
Event: 177.447 Thread 0x27cbe000 Exception <a 'sun/nio/fs/WindowsException'> (0x059f05d0) thrown at [C:\workspace\8-2-build-windows-i586-cygwin\jdk8u92\6642\hotspot\src\share\vm\prims\jni.cpp, line 709]

Events (10 events):
Event: 3042.105 Executing VM operation: RevokeBias
Event: 3042.106 Executing VM operation: RevokeBias done
Event: 3074.105 Executing VM operation: RevokeBias
Event: 3074.105 Executing VM operation: RevokeBias done
Event: 3075.120 Executing VM operation: RevokeBias
Event: 3075.121 Executing VM operation: RevokeBias done
Event: 3107.105 Executing VM operation: RevokeBias
Event: 3107.105 Executing VM operation: RevokeBias done
Event: 3108.122 Executing VM operation: RevokeBias
Event: 3108.122 Executing VM operation: RevokeBias done


Dynamic libraries:
0x00ed0000 - 0x00f03000 	C:\Program Files (x86)\Arduino\java\bin\javaw.exe
0x772b0000 - 0x77432000 	C:\WINDOWS\SYSTEM32\ntdll.dll
0x767d0000 - 0x768b0000 	C:\WINDOWS\System32\KERNEL32.DLL
0x76ed0000 - 0x77071000 	C:\WINDOWS\System32\KERNELBASE.dll
0x72cc0000 - 0x72cef000 	C:\Program Files (x86)\AVG\Av\avghookx.dll
0x75e80000 - 0x75ef7000 	C:\WINDOWS\System32\ADVAPI32.dll
0x76700000 - 0x767be000 	C:\WINDOWS\System32\msvcrt.dll
0x762d0000 - 0x76311000 	C:\WINDOWS\System32\sechost.dll
0x76550000 - 0x76611000 	C:\WINDOWS\System32\RPCRT4.dll
0x73d70000 - 0x73d8e000 	C:\WINDOWS\System32\SspiCli.dll
0x73d60000 - 0x73d6a000 	C:\WINDOWS\System32\CRYPTBASE.dll
0x76e70000 - 0x76eca000 	C:\WINDOWS\System32\bcryptPrimitives.dll
0x770e0000 - 0x7723f000 	C:\WINDOWS\System32\USER32.dll
0x741a0000 - 0x741b5000 	C:\WINDOWS\System32\win32u.dll
0x768d0000 - 0x768fb000 	C:\WINDOWS\System32\GDI32.dll
0x759d0000 - 0x75b2b000 	C:\WINDOWS\System32\gdi32full.dll
0x71b30000 - 0x71d3a000 	C:\WINDOWS\WinSxS\x86_microsoft.windows.common-controls_6595b64144ccf1df_6.0.14393.351_none_89c04962db040fd9\COMCTL32.dll
0x76320000 - 0x76531000 	C:\WINDOWS\System32\combase.dll
0x76620000 - 0x76700000 	C:\WINDOWS\System32\ucrtbase.dll
0x742a0000 - 0x742c5000 	C:\WINDOWS\System32\IMM32.DLL
0x77450000 - 0x7750f000 	C:\Program Files (x86)\Arduino\java\bin\msvcr100.dll
0x6c720000 - 0x6caeb000 	C:\Program Files (x86)\Arduino\java\bin\client\jvm.dll
0x74290000 - 0x74296000 	C:\WINDOWS\System32\PSAPI.DLL
0x73ba0000 - 0x73ba8000 	C:\WINDOWS\SYSTEM32\WSOCK32.dll
0x741c0000 - 0x74223000 	C:\WINDOWS\System32\WS2_32.dll
0x73ad0000 - 0x73af4000 	C:\WINDOWS\SYSTEM32\WINMM.dll
0x73d50000 - 0x73d58000 	C:\WINDOWS\SYSTEM32\VERSION.dll
0x73aa0000 - 0x73ac3000 	C:\WINDOWS\SYSTEM32\WINMMBASE.dll
0x75c30000 - 0x75c66000 	C:\WINDOWS\System32\cfgmgr32.dll
0x502b0000 - 0x502e1000 	C:\Program Files (x86)\Arduino\java\bin\splashscreen.dll
0x73470000 - 0x734e5000 	C:\WINDOWS\system32\uxtheme.dll
0x75840000 - 0x75975000 	C:\WINDOWS\System32\MSCTF.dll
0x75de0000 - 0x75e74000 	C:\WINDOWS\System32\OLEAUT32.dll
0x76200000 - 0x7627b000 	C:\WINDOWS\System32\msvcp_win.dll
0x77d60000 - 0x77d6c000 	C:\Program Files (x86)\Arduino\java\bin\verify.dll
0x77d30000 - 0x77d51000 	C:\Program Files (x86)\Arduino\java\bin\java.dll
0x77d10000 - 0x77d23000 	C:\Program Files (x86)\Arduino\java\bin\zip.dll
0x77080000 - 0x7708d000 	C:\WINDOWS\System32\kernel.appcore.dll
0x742d0000 - 0x756a9000 	C:\WINDOWS\System32\SHELL32.dll
0x76900000 - 0x76e6e000 	C:\WINDOWS\System32\windows.storage.dll
0x76280000 - 0x762c5000 	C:\WINDOWS\System32\powrprof.dll
0x75980000 - 0x759c6000 	C:\WINDOWS\System32\shlwapi.dll
0x75b40000 - 0x75bc8000 	C:\WINDOWS\System32\shcore.dll
0x76540000 - 0x7654f000 	C:\WINDOWS\System32\profapi.dll
0x6cf40000 - 0x6d085000 	C:\Program Files (x86)\Arduino\java\bin\awt.dll
0x739e0000 - 0x73a72000 	C:\WINDOWS\SYSTEM32\apphelp.dll
0x73410000 - 0x7342f000 	C:\WINDOWS\system32\dwmapi.dll
0x76110000 - 0x761fa000 	C:\WINDOWS\System32\ole32.dll
0x77680000 - 0x77696000 	C:\Program Files (x86)\Arduino\java\bin\net.dll
0x73760000 - 0x737ae000 	C:\WINDOWS\system32\mswsock.dll
0x73c60000 - 0x73c8f000 	C:\WINDOWS\SYSTEM32\IPHLPAPI.DLL
0x75b30000 - 0x75b37000 	C:\WINDOWS\System32\NSI.dll
0x61740000 - 0x6176c000 	C:\Program Files (x86)\Arduino\lib\listSerialsj.dll
0x73d90000 - 0x7419b000 	C:\WINDOWS\System32\SETUPAPI.dll
0x71620000 - 0x71633000 	C:\WINDOWS\SYSTEM32\dhcpcsvc6.DLL
0x71600000 - 0x71614000 	C:\WINDOWS\SYSTEM32\dhcpcsvc.DLL
0x71660000 - 0x71673000 	C:\WINDOWS\SYSTEM32\CRYPTSP.dll
0x71310000 - 0x7133f000 	C:\WINDOWS\system32\rsaenh.dll
0x72e80000 - 0x72e9b000 	C:\WINDOWS\SYSTEM32\bcrypt.dll
0x73a80000 - 0x73a9a000 	C:\WINDOWS\SYSTEM32\USERENV.dll
0x77d00000 - 0x77d0f000 	C:\Program Files (x86)\Arduino\java\bin\nio.dll
0x271f0000 - 0x2722d000 	C:\Users\emiliano\AppData\Local\Temp\jna-992864036\jna3065424736995273091.dll
0x72ea0000 - 0x72f1c000 	C:\WINDOWS\SYSTEM32\DNSAPI.dll
0x72e40000 - 0x72e61000 	C:\Program Files (x86)\Bonjour\mdnsNSP.dll
0x72c50000 - 0x72c58000 	C:\Windows\System32\rasadhlp.dll
0x27230000 - 0x27269000 	C:\Program Files (x86)\Arduino\java\bin\fontmanager.dll
0x6fbc0000 - 0x6fbf2000 	C:\Program Files (x86)\Arduino\java\bin\t2k.dll
0x72a70000 - 0x72a92000 	C:\WINDOWS\SYSTEM32\DEVOBJ.dll
0x77090000 - 0x770d4000 	C:\WINDOWS\System32\WINTRUST.dll
0x767c0000 - 0x767ce000 	C:\WINDOWS\System32\MSASN1.dll
0x75f00000 - 0x7607d000 	C:\WINDOWS\System32\CRYPT32.dll
0x77fa0000 - 0x78009000 	C:\Program Files (x86)\Arduino\msvcp100.dll
0x286f0000 - 0x287ae000 	C:\Program Files (x86)\Arduino\msvcr100.dll
0x26910000 - 0x26942000 	C:\Program Files (x86)\Arduino\lib\AStylej.dll
0x6cd80000 - 0x6cda4000 	C:\Program Files (x86)\Arduino\java\bin\dcpr.dll
0x76080000 - 0x76104000 	C:\WINDOWS\System32\clbcatq.dll
0x66f30000 - 0x6709e000 	C:\WINDOWS\SYSTEM32\WindowsCodecs.dll
0x5fd20000 - 0x5fd64000 	C:\WINDOWS\system32\dataexchange.dll
0x5c350000 - 0x5c57f000 	C:\WINDOWS\system32\d3d11.dll
0x5c230000 - 0x5c343000 	C:\WINDOWS\system32\dcomp.dll
0x5c1a0000 - 0x5c224000 	C:\WINDOWS\system32\dxgi.dll
0x5c0a0000 - 0x5c191000 	C:\WINDOWS\system32\twinapi.appcore.dll
0x72df0000 - 0x72e39000 	C:\WINDOWS\System32\fwpuclnt.dll
0x77660000 - 0x77680000 	C:\Program Files (x86)\Arduino\java\bin\sunec.dll
0x77440000 - 0x77449000 	C:\Program Files (x86)\Arduino\java\bin\sunmscapi.dll
0x72f60000 - 0x72f72000 	C:\WINDOWS\system32\napinsp.dll
0x72f40000 - 0x72f56000 	C:\WINDOWS\system32\pnrpnsp.dll
0x72f20000 - 0x72f34000 	C:\WINDOWS\system32\NLAapi.dll
0x72e70000 - 0x72e7c000 	C:\WINDOWS\System32\winrnr.dll
0x64000000 - 0x6401b000 	C:\Users\emiliano\.jssc\windows\jSSC-2.8_x86.dll
0x70610000 - 0x70755000 	C:\WINDOWS\SYSTEM32\dbghelp.dll

VM Arguments:
jvm_args: -Dsun.java2d.d3d=false -Djna.nosys=true -DAPP_DIR=C:\Program Files (x86)\Arduino -Xms128M -Xmx512M 
java_command: processing.app.Base C:\Users\emiliano\Desktop\arduino-1.6.7\libraries\RF24\examples\GettingStarted\GettingStarted.ino
java_class_path (initial): C:\Program Files (x86)\Arduino\lib\apple.jar;C:\Program Files (x86)\Arduino\lib\arduino-core.jar;C:\Program Files (x86)\Arduino\lib\batik-1.8.jar;C:\Program Files (x86)\Arduino\lib\batik-anim-1.8.jar;C:\Program Files (x86)\Arduino\lib\batik-awt-util-1.8.jar;C:\Program Files (x86)\Arduino\lib\batik-bridge-1.8.jar;C:\Program Files (x86)\Arduino\lib\batik-codec-1.8.jar;C:\Program Files (x86)\Arduino\lib\batik-css-1.8.jar;C:\Program Files (x86)\Arduino\lib\batik-dom-1.8.jar;C:\Program Files (x86)\Arduino\lib\batik-ext-1.8.jar;C:\Program Files (x86)\Arduino\lib\batik-gvt-1.8.jar;C:\Program Files (x86)\Arduino\lib\batik-parser-1.8.jar;C:\Program Files (x86)\Arduino\lib\batik-rasterizer-1.8.jar;C:\Program Files (x86)\Arduino\lib\batik-script-1.8.jar;C:\Program Files (x86)\Arduino\lib\batik-squiggle-1.8.jar;C:\Program Files (x86)\Arduino\lib\batik-svg-dom-1.8.jar;C:\Program Files (x86)\Arduino\lib\batik-svgpp-1.8.jar;C:\Program Files (x86)\Arduino\lib\batik-transcoder-1.8.jar;C:\Program Files (x86)\Arduino\lib\batik-util-1.8.jar;C:\Program Files (x86)\Arduino\lib\batik-xml-1.8.jar;C:\Program Files (x86)\Arduino\lib\bcpg-jdk15on-152.jar;C:\Program Files (x86)\Arduino\lib\bcprov-jdk15on-152.jar;C:\Program Files (x86)\Arduino\lib\commons-codec-1.7.jar;C:\Program Files (x86)\Arduino\lib\commons-compress-1.8.jar;C:\Program Files (x86)\Arduino\lib\commons-exec-1.1.jar;C:\Program Files (x86)\Arduino\lib\commons-httpclient-3.1.jar;C:\Program Files (x86)\Arduino\lib\commons-lang3-3.3.2.jar;C:\Program Files (x86)\Arduino\lib\commons-logging-1.0.4.jar;C:\Program Files (x86)\Arduino\lib\commons-net-3.3.jar;C:\Program Files (x86)\Arduino\lib\jackson-annotations-2.6.3.jar;C:\Program Files (x86)\Arduino\lib\jackson-core-2.6.3.jar;C:\Program Files (x86)\Arduino\lib\jackson-databind-2.6.3.jar;C:\Program Files (x86)\Arduino\lib\jackson-module-mrbean-2.6.3.jar;C:\Program Files (x86)\Arduino\lib\java-semver-0.8.0.jar;C:\Program Files (x86)\Arduino\lib\jmdns-3.4.1.j
Launcher Type: SUN_STANDARD

Environment Variables:
PATH=C:\Program Files (x86)\Intel\iCLS Client\;C:\Program Files\Intel\iCLS Client\;C:\Windows\system32;C:\Windows;C:\Windows\System32\Wbem;C:\Windows\System32\WindowsPowerShell\v1.0\;C:\Program Files (x86)\Windows Live\Shared;C:\Program Files\Intel\Intel(R) Management Engine Components\DAL;C:\Program Files\Intel\Intel(R) Management Engine Components\IPT;C:\Program Files (x86)\Intel\Intel(R) Management Engine Components\DAL;C:\Program Files (x86)\Intel\Intel(R) Management Engine Components\IPT;C:\Program Files\Hewlett-Packard\SimplePass\;C:\Program Files (x86)\NVIDIA Corporation\PhysX\Common;C:\Program Files (x86)\Skype\Phone\;%SystemRoot%\system32;%SystemRoot%;%SystemRoot%\System32\Wbem;%SYSTEMROOT%\System32\WindowsPowerShell\v1.0\;C:\Users\emiliano\AppData\Local\Microsoft\WindowsApps;;C:\Program Files (x86)\Arduino\java\bin
USERNAME=emiliano
OS=Windows_NT
PROCESSOR_IDENTIFIER=Intel64 Family 6 Model 60 Stepping 3, GenuineIntel



---------------  S Y S T E M  ---------------

OS: Windows 10.0 , 64 bit Build 14393 (10.0.14393.0)

CPU:total 8 (4 cores per cpu, 2 threads per core) family 6 model 60 stepping 3, cmov, cx8, fxsr, mmx, sse, sse2, sse3, ssse3, sse4.1, sse4.2, popcnt, avx, avx2, aes, clmul, erms, lzcnt, ht, tsc, tscinvbit, bmi1, bmi2

Memory: 4k page, physical 16707608k(12363364k free), swap 19197976k(14030164k free)

vm_info: Java HotSpot(TM) Client VM (25.92-b14) for windows-x86 JRE (1.8.0_92-b14), built on Mar 31 2016 21:09:21 by "java_re" with MS VC++ 10.0 (VS2010)

time: Mon Oct 31 11:43:08 2016
elapsed time: 3109 seconds (0d 0h 51m 49s)

